<?xml version="1.0" encoding="UTF-8"?>
<!-- Generated by org.testng.reporters.JUnitReportReporter -->
<testsuite skipped="0" hostname="Gajya" name="Hello.com.gajannan.App" tests="1" failures="0" timestamp="08 Jun 2019 18:27:16 GMT" time="22.070" errors="0">
  <testcase name="Testme" time="22.070" classname="Hello.com.gajannan.App"/>
</testsuite> <!-- Hello.com.gajannan.App -->
